  [1m[35m (3.0ms)[0m  [1m[35mDROP DATABASE IF EXISTS "tip_jar_development"[0m
  [1m[35m (0.1ms)[0m  [1m[35mDROP DATABASE IF EXISTS "tip_jar_test"[0m
  [1m[35m (380.4ms)[0m  [1m[35mCREATE DATABASE "tip_jar_development" ENCODING = 'unicode'[0m
  [1m[35m (258.4ms)[0m  [1m[35mCREATE DATABASE "tip_jar_test" ENCODING = 'unicode'[0m
  [1m[35m (13.7ms)[0m  [1m[35mCREATE TABLE "schema_migrations" ("version" character varying PRIMARY KEY)[0m
  [1m[35m (3.2ms)[0m  [1m[35mCREATE TABLE "ar_internal_metadata" ("key" character varying PRIMARY KEY, "value" character varying, "created_at" timestamp NOT NULL, "updated_at" timestamp NOT NULL)[0m
  [1m[35m (0.3ms)[0m  [1m[34mSELECT pg_try_advisory_lock(4326357195679954785);[0m
  [1m[36mActiveRecord::SchemaMigration Load (0.6ms)[0m  [1m[34mSELECT "schema_migrations".* FROM "schema_migrations"[0m
Migrating to CreateUsers (20170216121450)
  [1m[35m (0.2ms)[0m  [1m[35mBEGIN[0m
  [1m[35m (6.6ms)[0m  [1m[35mCREATE TABLE "users" ("id" serial primary key, "email" character varying, "password_digest" character varying, "created_at" timestamp NOT NULL, "updated_at" timestamp NOT NULL)[0m
  [1m[35mSQL (3.3ms)[0m  [1m[32mINSERT INTO "schema_migrations" ("version") VALUES ($1) RETURNING "version"[0m  [["version", "20170216121450"]]
  [1m[35m (0.4ms)[0m  [1m[35mCOMMIT[0m
  [1m[36mActiveRecord::InternalMetadata Load (0.9ms)[0m  [1m[34mSELECT  "ar_internal_metadata".* FROM "ar_internal_metadata" WHERE "ar_internal_metadata"."key" = $1 LIMIT $2[0m  [["key", :environment], ["LIMIT", 1]]
  [1m[35m (0.1ms)[0m  [1m[35mBEGIN[0m
  [1m[35mSQL (1.1ms)[0m  [1m[32mINSERT INTO "ar_internal_metadata" ("key", "value", "created_at", "updated_at") VALUES ($1, $2, $3, $4) RETURNING "key"[0m  [["key", "environment"], ["value", "development"], ["created_at", 2017-02-16 12:41:36 UTC], ["updated_at", 2017-02-16 12:41:36 UTC]]
  [1m[35m (0.3ms)[0m  [1m[35mCOMMIT[0m
  [1m[35m (0.3ms)[0m  [1m[34mSELECT pg_advisory_unlock(4326357195679954785)[0m
  [1m[36mActiveRecord::SchemaMigration Load (0.8ms)[0m  [1m[34mSELECT "schema_migrations".* FROM "schema_migrations"[0m
Started POST "/api/register" for 127.0.0.1 at 2017-02-16 12:42:48 +0000
  [1m[36mActiveRecord::SchemaMigration Load (0.8ms)[0m  [1m[34mSELECT "schema_migrations".* FROM "schema_migrations"[0m
  
ActionController::RoutingError (No route matches [POST] "/api/register"):
  
actionpack (5.0.1) lib/action_dispatch/middleware/debug_exceptions.rb:53:in `call'
actionpack (5.0.1) lib/action_dispatch/middleware/show_exceptions.rb:31:in `call'
railties (5.0.1) lib/rails/rack/logger.rb:36:in `call_app'
railties (5.0.1) lib/rails/rack/logger.rb:24:in `block in call'
activesupport (5.0.1) lib/active_support/tagged_logging.rb:69:in `block in tagged'
activesupport (5.0.1) lib/active_support/tagged_logging.rb:26:in `tagged'
activesupport (5.0.1) lib/active_support/tagged_logging.rb:69:in `tagged'
railties (5.0.1) lib/rails/rack/logger.rb:24:in `call'
actionpack (5.0.1) lib/action_dispatch/middleware/request_id.rb:24:in `call'
rack (2.0.1) lib/rack/runtime.rb:22:in `call'
activesupport (5.0.1) lib/active_support/cache/strategy/local_cache_middleware.rb:28:in `call'
actionpack (5.0.1) lib/action_dispatch/middleware/executor.rb:12:in `call'
actionpack (5.0.1) lib/action_dispatch/middleware/static.rb:136:in `call'
rack (2.0.1) lib/rack/sendfile.rb:111:in `call'
rack-cors (0.4.1) lib/rack/cors.rb:81:in `call'
railties (5.0.1) lib/rails/engine.rb:522:in `call'
puma (3.7.0) lib/puma/configuration.rb:226:in `call'
puma (3.7.0) lib/puma/server.rb:578:in `handle_request'
puma (3.7.0) lib/puma/server.rb:415:in `process_client'
puma (3.7.0) lib/puma/server.rb:275:in `block in run'
puma (3.7.0) lib/puma/thread_pool.rb:120:in `block in spawn_thread'
Started POST "/register" for 127.0.0.1 at 2017-02-16 12:42:57 +0000
Processing by AuthenticationsController#register as */*
  Parameters: {"username"=>"hello011121", "email"=>"222@22222.com", "first_name"=>"charlie", "last_name"=>"gavins", "password"=>"[FILTERED]", "password_confirmation"=>"[FILTERED]", "authentication"=>{"username"=>"hello011121", "email"=>"222@22222.com", "first_name"=>"charlie", "last_name"=>"gavins", "password"=>"[FILTERED]", "password_confirmation"=>"[FILTERED]"}}
DEPRECATION WARNING: Method to_hash is deprecated and will be removed in Rails 5.1, as `ActionController::Parameters` no longer inherits from hash. Using this deprecated behavior exposes potential security problems. If you continue to use this method you may be creating a security vulnerability in your app that can be exploited. Instead, consider using one of these documented methods which are not deprecated: http://api.rubyonrails.org/v5.0.1/classes/ActionController/Parameters.html (called from merge! at /Users/CharlieGavins/development/wdi_project_4/tip_jar/app/controllers/authentications_controller.rb:27)
Completed 500 Internal Server Error in 16ms (ActiveRecord: 7.9ms)


  
ActiveModel::UnknownAttributeError (unknown attribute 'password' for User.):
  
app/controllers/authentications_controller.rb:5:in `register'
Started POST "/register" for 127.0.0.1 at 2017-02-16 12:44:03 +0000
  [1m[36mActiveRecord::SchemaMigration Load (0.8ms)[0m  [1m[34mSELECT "schema_migrations".* FROM "schema_migrations"[0m
Processing by AuthenticationsController#register as */*
  Parameters: {"username"=>"hello011121", "email"=>"222@22222.com", "first_name"=>"charlie", "last_name"=>"gavins", "password"=>"[FILTERED]", "password_confirmation"=>"[FILTERED]", "authentication"=>{"username"=>"hello011121", "email"=>"222@22222.com", "first_name"=>"charlie", "last_name"=>"gavins", "password"=>"[FILTERED]", "password_confirmation"=>"[FILTERED]"}}
DEPRECATION WARNING: Method to_hash is deprecated and will be removed in Rails 5.1, as `ActionController::Parameters` no longer inherits from hash. Using this deprecated behavior exposes potential security problems. If you continue to use this method you may be creating a security vulnerability in your app that can be exploited. Instead, consider using one of these documented methods which are not deprecated: http://api.rubyonrails.org/v5.0.1/classes/ActionController/Parameters.html (called from merge! at /Users/CharlieGavins/development/wdi_project_4/tip_jar/app/controllers/authentications_controller.rb:27)
Completed 500 Internal Server Error in 14ms (ActiveRecord: 5.2ms)


  
ActiveModel::UnknownAttributeError (unknown attribute 'password' for User.):
  
app/controllers/authentications_controller.rb:5:in `register'
Started POST "/register" for 127.0.0.1 at 2017-02-16 12:45:06 +0000
Processing by AuthenticationsController#register as */*
  Parameters: {"username"=>"hi", "email"=>"hi@hi.com", "password"=>"[FILTERED]", "password_confirmation"=>"[FILTERED]", "authentication"=>{"username"=>"hi", "email"=>"hi@hi.com", "password"=>"[FILTERED]", "password_confirmation"=>"[FILTERED]"}}
DEPRECATION WARNING: Method to_hash is deprecated and will be removed in Rails 5.1, as `ActionController::Parameters` no longer inherits from hash. Using this deprecated behavior exposes potential security problems. If you continue to use this method you may be creating a security vulnerability in your app that can be exploited. Instead, consider using one of these documented methods which are not deprecated: http://api.rubyonrails.org/v5.0.1/classes/ActionController/Parameters.html (called from merge! at /Users/CharlieGavins/development/wdi_project_4/tip_jar/app/controllers/authentications_controller.rb:27)
Completed 500 Internal Server Error in 1ms (ActiveRecord: 0.0ms)


  
ActiveModel::UnknownAttributeError (unknown attribute 'password' for User.):
  
app/controllers/authentications_controller.rb:5:in `register'
Started POST "/register" for 127.0.0.1 at 2017-02-16 12:46:56 +0000
Processing by AuthenticationsController#register as */*
  Parameters: {"email"=>"hi@hi.com", "password"=>"[FILTERED]", "password_confirmation"=>"[FILTERED]", "authentication"=>{"email"=>"hi@hi.com", "password"=>"[FILTERED]", "password_confirmation"=>"[FILTERED]"}}
DEPRECATION WARNING: Method to_hash is deprecated and will be removed in Rails 5.1, as `ActionController::Parameters` no longer inherits from hash. Using this deprecated behavior exposes potential security problems. If you continue to use this method you may be creating a security vulnerability in your app that can be exploited. Instead, consider using one of these documented methods which are not deprecated: http://api.rubyonrails.org/v5.0.1/classes/ActionController/Parameters.html (called from merge! at /Users/CharlieGavins/development/wdi_project_4/tip_jar/app/controllers/authentications_controller.rb:27)
Completed 500 Internal Server Error in 1ms (ActiveRecord: 0.0ms)


  
ActiveModel::UnknownAttributeError (unknown attribute 'password' for User.):
  
app/controllers/authentications_controller.rb:5:in `register'
Started POST "/register" for 127.0.0.1 at 2017-02-16 12:47:18 +0000
Processing by AuthenticationsController#register as */*
  Parameters: {"email"=>"hi@hi.com", "password"=>"[FILTERED]", "password_confirmation"=>"[FILTERED]", "authentication"=>{"email"=>"hi@hi.com", "password"=>"[FILTERED]", "password_confirmation"=>"[FILTERED]"}}
DEPRECATION WARNING: Method to_hash is deprecated and will be removed in Rails 5.1, as `ActionController::Parameters` no longer inherits from hash. Using this deprecated behavior exposes potential security problems. If you continue to use this method you may be creating a security vulnerability in your app that can be exploited. Instead, consider using one of these documented methods which are not deprecated: http://api.rubyonrails.org/v5.0.1/classes/ActionController/Parameters.html (called from merge! at /Users/CharlieGavins/development/wdi_project_4/tip_jar/app/controllers/authentications_controller.rb:27)
Completed 500 Internal Server Error in 1ms (ActiveRecord: 0.0ms)


  
ActiveModel::UnknownAttributeError (unknown attribute 'password' for User.):
  
app/controllers/authentications_controller.rb:5:in `register'
Started POST "/register" for 127.0.0.1 at 2017-02-16 12:48:36 +0000
Processing by AuthenticationsController#register as */*
  Parameters: {"email"=>"hi@hi.com", "password"=>"[FILTERED]", "password_confirmation"=>"[FILTERED]", "authentication"=>{"email"=>"hi@hi.com", "password"=>"[FILTERED]", "password_confirmation"=>"[FILTERED]"}}
DEPRECATION WARNING: Method to_hash is deprecated and will be removed in Rails 5.1, as `ActionController::Parameters` no longer inherits from hash. Using this deprecated behavior exposes potential security problems. If you continue to use this method you may be creating a security vulnerability in your app that can be exploited. Instead, consider using one of these documented methods which are not deprecated: http://api.rubyonrails.org/v5.0.1/classes/ActionController/Parameters.html (called from merge! at /Users/CharlieGavins/development/wdi_project_4/tip_jar/app/controllers/authentications_controller.rb:27)
  [1m[35m (0.2ms)[0m  [1m[35mBEGIN[0m
  [1m[36mUser Exists (1.7ms)[0m  [1m[34mSELECT  1 AS one FROM "users" WHERE "users"."email" = $1 LIMIT $2[0m  [["email", "hi@hi.com"], ["LIMIT", 1]]
  [1m[35mSQL (2.5ms)[0m  [1m[32mINSERT INTO "users" ("email", "password_digest", "created_at", "updated_at") VALUES ($1, $2, $3, $4) RETURNING "id"[0m  [["email", "hi@hi.com"], ["password_digest", "$2a$10$gMJfdiTymmsLO9H/xzToNu0pLldm3mUvnEAE8NMS1MZJWjQ90oQ0a"], ["created_at", 2017-02-16 12:48:46 UTC], ["updated_at", 2017-02-16 12:48:46 UTC]]
  [1m[35m (1.4ms)[0m  [1m[35mCOMMIT[0m
[active_model_serializers] Rendered ActiveModel::Serializer::Null with Hash (23.67ms)
Completed 200 OK in 140ms (Views: 27.6ms | ActiveRecord: 5.9ms)


